0 info it worked if it ends with ok
1 verbose cli [ '/usr/bin/node', '/usr/bin/npm', 'install', 'redis', '--save' ]
2 info using npm@1.4.28
3 info using node@v0.10.33
4 verbose node symlink /usr/bin/node
5 warn package.json querystring@0.2.0 querystring is also the name of a node core module.
6 warn package.json url@0.10.2 url is also the name of a node core module.
7 verbose cache add [ 'redis', null ]
8 verbose cache add name=undefined spec="redis" args=["redis",null]
9 verbose parsed url { protocol: null,
9 verbose parsed url   slashes: null,
9 verbose parsed url   auth: null,
9 verbose parsed url   host: null,
9 verbose parsed url   port: null,
9 verbose parsed url   hostname: null,
9 verbose parsed url   hash: null,
9 verbose parsed url   search: null,
9 verbose parsed url   query: null,
9 verbose parsed url   pathname: 'redis',
9 verbose parsed url   path: 'redis',
9 verbose parsed url   href: 'redis' }
10 silly lockFile b840fc02-redis redis
11 verbose lock redis /home/mandeep/.npm/b840fc02-redis.lock
12 silly lockFile b840fc02-redis redis
13 silly lockFile b840fc02-redis redis
14 verbose addNamed [ 'redis', '' ]
15 verbose addNamed [ null, '*' ]
16 silly lockFile fb3bbc27-redis redis@
17 verbose lock redis@ /home/mandeep/.npm/fb3bbc27-redis.lock
18 silly addNameRange { name: 'redis', range: '*', hasData: false }
19 verbose request where is /redis
20 verbose request registry https://registry.npmjs.org/
21 verbose request id dbc4010b3966b348
22 verbose url raw /redis
23 verbose url resolving [ 'https://registry.npmjs.org/', './redis' ]
24 verbose url resolved https://registry.npmjs.org/redis
25 verbose request where is https://registry.npmjs.org/redis
26 info trying registry request attempt 1 at 17:19:58
27 verbose etag "UAUJUJB3U6A48QRNZNQ5S966"
28 http GET https://registry.npmjs.org/redis
29 http 304 https://registry.npmjs.org/redis
30 silly registry.get cb [ 304,
30 silly registry.get   { date: 'Sun, 22 Feb 2015 11:50:00 GMT',
30 silly registry.get     server: 'Apache',
30 silly registry.get     via: '1.1 varnish',
30 silly registry.get     'last-modified': 'Sun, 22 Feb 2015 11:50:00 GMT',
30 silly registry.get     'cache-control': 'max-age=60',
30 silly registry.get     etag: '"UAUJUJB3U6A48QRNZNQ5S966"',
30 silly registry.get     age: '0',
30 silly registry.get     'x-served-by': 'cache-lax1427-LAX',
30 silly registry.get     'x-cache': 'HIT',
30 silly registry.get     'x-cache-hits': '1',
30 silly registry.get     'x-timer': 'S1424605800.286763,VS0,VE310',
30 silly registry.get     vary: 'Accept',
30 silly registry.get     'content-length': '0',
30 silly registry.get     'keep-alive': 'timeout=10, max=50',
30 silly registry.get     connection: 'Keep-Alive' } ]
31 verbose etag https://registry.npmjs.org/redis from cache
32 silly addNameRange number 2 { name: 'redis', range: '*', hasData: true }
33 silly addNameRange versions [ 'redis',
33 silly addNameRange   [ '0.0.1',
33 silly addNameRange     '0.0.2',
33 silly addNameRange     '0.0.3',
33 silly addNameRange     '0.0.4',
33 silly addNameRange     '0.0.7',
33 silly addNameRange     '0.0.8',
33 silly addNameRange     '0.1.0',
33 silly addNameRange     '0.1.1',
33 silly addNameRange     '0.1.2',
33 silly addNameRange     '0.2.0',
33 silly addNameRange     '0.2.1',
33 silly addNameRange     '0.2.2',
33 silly addNameRange     '0.2.3',
33 silly addNameRange     '0.2.4',
33 silly addNameRange     '0.2.6',
33 silly addNameRange     '0.3.0',
33 silly addNameRange     '0.3.1',
33 silly addNameRange     '0.3.2',
33 silly addNameRange     '0.3.3',
33 silly addNameRange     '0.3.4',
33 silly addNameRange     '0.3.5',
33 silly addNameRange     '0.3.6',
33 silly addNameRange     '0.3.7',
33 silly addNameRange     '0.3.9',
33 silly addNameRange     '0.4.0',
33 silly addNameRange     '0.4.1',
33 silly addNameRange     '0.4.2',
33 silly addNameRange     '0.5.0',
33 silly addNameRange     '0.5.1',
33 silly addNameRange     '0.5.2',
33 silly addNameRange     '0.5.3',
33 silly addNameRange     '0.5.4',
33 silly addNameRange     '0.5.5',
33 silly addNameRange     '0.5.6',
33 silly addNameRange     '0.5.7',
33 silly addNameRange     '0.5.8',
33 silly addNameRange     '0.5.9',
33 silly addNameRange     '0.5.10',
33 silly addNameRange     '0.5.11',
33 silly addNameRange     '0.6.0',
33 silly addNameRange     '0.6.1',
33 silly addNameRange     '0.6.2',
33 silly addNameRange     '0.6.3',
33 silly addNameRange     '0.6.4',
33 silly addNameRange     '0.6.5',
33 silly addNameRange     '0.6.6',
33 silly addNameRange     '0.6.7',
33 silly addNameRange     '0.7.0',
33 silly addNameRange     '0.7.1',
33 silly addNameRange     '0.7.2',
33 silly addNameRange     '0.7.3',
33 silly addNameRange     '0.8.0',
33 silly addNameRange     '0.8.1',
33 silly addNameRange     '0.8.2',
33 silly addNameRange     '0.8.3',
33 silly addNameRange     '0.8.4',
33 silly addNameRange     '0.8.5',
33 silly addNameRange     '0.8.6',
33 silly addNameRange     '0.9.0',
33 silly addNameRange     '0.9.1',
33 silly addNameRange     '0.9.2',
33 silly addNameRange     '0.10.0',
33 silly addNameRange     '0.10.1',
33 silly addNameRange     '0.10.2',
33 silly addNameRange     '0.10.3',
33 silly addNameRange     '0.11.0',
33 silly addNameRange     '0.12.0',
33 silly addNameRange     '0.12.1' ] ]
34 verbose addNamed [ 'redis', '0.12.1' ]
35 verbose addNamed [ '0.12.1', '0.12.1' ]
36 silly lockFile 5ec46899-redis-0-12-1 redis@0.12.1
37 verbose lock redis@0.12.1 /home/mandeep/.npm/5ec46899-redis-0-12-1.lock
38 silly lockFile 5db8178b-npmjs-org-redis-redis-0-12-1-tgz https://registry.npmjs.org/redis/-/redis-0.12.1.tgz
39 verbose lock https://registry.npmjs.org/redis/-/redis-0.12.1.tgz /home/mandeep/.npm/5db8178b-npmjs-org-redis-redis-0-12-1-tgz.lock
40 verbose addRemoteTarball [ 'https://registry.npmjs.org/redis/-/redis-0.12.1.tgz',
40 verbose addRemoteTarball   '64df76ad0fc8acebaebd2a0645e8a48fac49185e' ]
41 info retry fetch attempt 1 at 17:20:00
42 verbose fetch to= /tmp/npm-14506-4xk1s0Gh/registry.npmjs.org/redis/-/redis-0.12.1.tgz
43 http GET https://registry.npmjs.org/redis/-/redis-0.12.1.tgz
44 http 200 https://registry.npmjs.org/redis/-/redis-0.12.1.tgz
45 silly lockFile 5db8178b-npmjs-org-redis-redis-0-12-1-tgz https://registry.npmjs.org/redis/-/redis-0.12.1.tgz
46 silly lockFile 5db8178b-npmjs-org-redis-redis-0-12-1-tgz https://registry.npmjs.org/redis/-/redis-0.12.1.tgz
47 silly lockFile 5ec46899-redis-0-12-1 redis@0.12.1
48 silly lockFile 5ec46899-redis-0-12-1 redis@0.12.1
49 silly lockFile fb3bbc27-redis redis@
50 silly lockFile fb3bbc27-redis redis@
51 error Error: EACCES, mkdir '/home/mandeep/.npm/redis/0.12.1'
51 error  { [Error: EACCES, mkdir '/home/mandeep/.npm/redis/0.12.1']
51 error   errno: 3,
51 error   code: 'EACCES',
51 error   path: '/home/mandeep/.npm/redis/0.12.1' }
52 error Please try running this command again as root/Administrator.
53 error System Linux 3.13.0-45-generic
54 error command "/usr/bin/node" "/usr/bin/npm" "install" "redis" "--save"
55 error cwd /home/mandeep/hackathons/node-googleplaces
56 error node -v v0.10.33
57 error npm -v 1.4.28
58 error path /home/mandeep/.npm/redis/0.12.1
59 error code EACCES
60 error errno 3
61 error stack Error: EACCES, mkdir '/home/mandeep/.npm/redis/0.12.1'
62 verbose exit [ 3, true ]
